android/app/build/outputs/logs/manifest-merger-debug-report.txt
-- Merging decision tree log ---
manifest
ADDED from src/main/AndroidManifest.xml:1:1-47:12
INJECTED from src/main/AndroidManifest.xml:1:1-47:12
INJECTED from src/main/AndroidManifest.xml:1:1-47:12
INJECTED from src/main/AndroidManifest.xml:1:1-47:12
MERGED from [:react-native-custom-tabs] AndroidManifest.xml:2:1-12:12
MERGED from [:react-native-geocoder] AndroidManifest.xml:2:1-11:12
MERGED from [:react-native-fast-image] AndroidManifest.xml:2:1-22:12
MERGED from [:react-native-spinkit] AndroidManifest.xml:2:1-16:12
MERGED from [:react-native-vector-icons] AndroidManifest.xml:2:1-11:12
MERGED from [:react-native-maps] AndroidManifest.xml:2:1-12:12
MERGED from [:react-native-linear-gradient] AndroidManifest.xml:2:1-11:12
MERGED from [:react-native-splash-screen] AndroidManifest.xml:2:1-17:12
MERGED from [com.facebook.react:react-native:0.53.0] AndroidManifest.xml:2:1-15:12
MERGED from [com.android.support:appcompat-v7:25.0.1] AndroidManifest.xml:17:1-27:12
MERGED from [com.android.support:customtabs:25.0.1] AndroidManifest.xml:17:1-24:12
MERGED from [com.github.droibit.customtabslauncher:launcher:1.0.8] AndroidManifest.xml:2:1-12:12
MERGED from [com.google.android.gms:play-services-maps:10.2.4] AndroidManifest.xml:16:1-25:12
MERGED from [com.google.android.gms:play-services-base:10.2.4] AndroidManifest.xml:16:1-21:12
MERGED from [com.google.android.gms:play-services-tasks:10.2.4] AndroidManifest.xml:2:1-5:12
MERGED from [com.google.android.gms:play-services-basement:10.2.4] AndroidManifest.xml:16:1-23:12
MERGED from [com.android.support:support-v4:25.0.1] AndroidManifest.xml:17:1-27:12
MERGED from [com.github.ybq:Android-SpinKit:1.1.0] AndroidManifest.xml:2:1-10:12
MERGED from [com.facebook.fbui.textlayoutbuilder:textlayoutbuilder:1.0.0] AndroidManifest.xml:10:1-18:12
MERGED from [com.facebook.fresco:fresco:1.3.0] AndroidManifest.xml:2:1-9:12
MERGED from [com.facebook.fresco:imagepipeline-okhttp3:1.3.0] AndroidManifest.xml:2:1-9:12
MERGED from [com.facebook.soloader:soloader:0.1.0] AndroidManifest.xml:1:1-4:12
MERGED from [org.webkit:android-jsc:r174650] AndroidManifest.xml:1:1-3:12
MERGED from [com.android.support:animated-vector-drawable:25.0.1] AndroidManifest.xml:17:1-24:12
MERGED from [com.android.support:support-vector-drawable:25.0.1] AndroidManifest.xml:17:1-25:12
MERGED from [com.android.support:support-fragment:25.0.1] AndroidManifest.xml:17:1-27:12
MERGED from [com.android.support:support-media-compat:25.0.1] AndroidManifest.xml:17:1-27:12
MERGED from [com.android.support:support-core-utils:25.0.1] AndroidManifest.xml:17:1-27:12
MERGED from [com.android.support:support-core-ui:25.0.1] AndroidManifest.xml:17:1-27:12
MERGED from [com.android.support:support-compat:25.0.1] AndroidManifest.xml:17:1-27:12
MERGED from [com.facebook.fresco:drawee:1.3.0] AndroidManifest.xml:2:1-9:12
MERGED from [com.facebook.fresco:imagepipeline:1.3.0] AndroidManifest.xml:2:1-9:12
MERGED from [com.facebook.fresco:imagepipeline-base:1.3.0] AndroidManifest.xml:2:1-9:12
MERGED from [com.facebook.fresco:fbcore:1.3.0] AndroidManifest.xml:2:1-9:12
INJECTED from src/main/AndroidManifest.xml:1:1-47:12
INJECTED from src/main/AndroidManifest.xml:1:1-47:12
INJECTED from src/main/AndroidManifest.xml:1:1-47:12
	package
		ADDED from src/main/AndroidManifest.xml:2:5-23
		INJECTED from src/main/AndroidManifest.xml
		INJECTED from src/main/AndroidManifest.xml
	android:versionName
		ADDED from src/main/AndroidManifest.xml:4:5-30
		INJECTED from src/main/AndroidManifest.xml
		INJECTED from src/main/AndroidManifest.xml
	xmlns:android
		ADDED from src/main/AndroidManifest.xml:1:11-69
	android:versionCode
		ADDED from src/main/AndroidManifest.xml:3:5-28
		INJECTED from src/main/AndroidManifest.xml
		INJECTED from src/main/AndroidManifest.xml
uses-permission#android.permission.INTERNET
ADDED from src/main/AndroidManifest.xml:6:5-67
MERGED from [:react-native-maps] AndroidManifest.xml:9:5-67
MERGED from [:react-native-maps] AndroidManifest.xml:9:5-67
MERGED from [com.google.android.gms:play-services-maps:10.2.4] AndroidManifest.xml:20:5-66
MERGED from [com.google.android.gms:play-services-maps:10.2.4] AndroidManifest.xml:20:5-66
	android:name
		ADDED from src/main/AndroidManifest.xml:6:22-64
uses-permission#android.permission.SYSTEM_ALERT_WINDOW
ADDED from src/main/AndroidManifest.xml:7:5-77
MERGED from [com.facebook.react:react-native:0.53.0] AndroidManifest.xml:11:5-78
MERGED from [com.facebook.react:react-native:0.53.0] AndroidManifest.xml:11:5-78
	android:name
		ADDED from src/main/AndroidManifest.xml:7:22-75
uses-permission#android.permission.ACCESS_FINE_LOCATION
ADDED from src/main/AndroidManifest.xml:8:5-79
	android:name
		ADDED from src/main/AndroidManifest.xml:8:22-76
uses-sdk
ADDED from src/main/AndroidManifest.xml:11:5-13:41
INJECTED from src/main/AndroidManifest.xml:11:5-13:41
INJECTED from src/main/AndroidManifest.xml:11:5-13:41
MERGED from [:react-native-custom-tabs] AndroidManifest.xml:8:5-10:41
MERGED from [:react-native-custom-tabs] AndroidManifest.xml:8:5-10:41
MERGED from [:react-native-geocoder] AndroidManifest.xml:7:5-9:41
MERGED from [:react-native-geocoder] AndroidManifest.xml:7:5-9:41
MERGED from [:react-native-fast-image] AndroidManifest.xml:8:5-10:41
MERGED from [:react-native-fast-image] AndroidManifest.xml:8:5-10:41
MERGED from [:react-native-spinkit] AndroidManifest.xml:7:5-9:41
MERGED from [:react-native-spinkit] AndroidManifest.xml:7:5-9:41
MERGED from [:react-native-vector-icons] AndroidManifest.xml:7:5-9:41
MERGED from [:react-native-vector-icons] AndroidManifest.xml:7:5-9:41
MERGED from [:react-native-maps] AndroidManifest.xml:5:5-7:41
MERGED from [:react-native-maps] AndroidManifest.xml:5:5-7:41
MERGED from [:react-native-linear-gradient] AndroidManifest.xml:7:5-9:41
MERGED from [:react-native-linear-gradient] AndroidManifest.xml:7:5-9:41
MERGED from [:react-native-splash-screen] AndroidManifest.xml:7:5-9:41
MERGED from [:react-native-splash-screen] AndroidManifest.xml:7:5-9:41
MERGED from [com.facebook.react:react-native:0.53.0] AndroidManifest.xml:7:5-9:41
MERGED from [com.facebook.react:react-native:0.53.0] AndroidManifest.xml:7:5-9:41
MERGED from [com.android.support:appcompat-v7:25.0.1] AndroidManifest.xml:21:5-23:78
MERGED from [com.android.support:appcompat-v7:25.0.1] AndroidManifest.xml:21:5-23:78
MERGED from [com.android.support:customtabs:25.0.1] AndroidManifest.xml:20:5-44
MERGED from [com.android.support:customtabs:25.0.1] AndroidManifest.xml:20:5-44
MERGED from [com.github.droibit.customtabslauncher:launcher:1.0.8] AndroidManifest.xml:8:5-10:41
MERGED from [com.github.droibit.customtabslauncher:launcher:1.0.8] AndroidManifest.xml:8:5-10:41
MERGED from [com.google.android.gms:play-services-maps:10.2.4] AndroidManifest.xml:23:5-43
MERGED from [com.google.android.gms:play-services-maps:10.2.4] AndroidManifest.xml:23:5-43
MERGED from [com.google.android.gms:play-services-base:10.2.4] AndroidManifest.xml:17:5-43
MERGED from [com.google.android.gms:play-services-base:10.2.4] AndroidManifest.xml:17:5-43
MERGED from [com.google.android.gms:play-services-tasks:10.2.4] AndroidManifest.xml:3:5-43
MERGED from [com.google.android.gms:play-services-tasks:10.2.4] AndroidManifest.xml:3:5-43
MERGED from [com.google.android.gms:play-services-basement:10.2.4] AndroidManifest.xml:17:5-43
MERGED from [com.google.android.gms:play-services-basement:10.2.4] AndroidManifest.xml:17:5-43
MERGED from [com.android.support:support-v4:25.0.1] AndroidManifest.xml:21:5-23:54
MERGED from [com.android.support:support-v4:25.0.1] AndroidManifest.xml:21:5-23:54
MERGED from [com.github.ybq:Android-SpinKit:1.1.0] AndroidManifest.xml:6:5-8:41
MERGED from [com.github.ybq:Android-SpinKit:1.1.0] AndroidManifest.xml:6:5-8:41
MERGED from [com.facebook.fbui.textlayoutbuilder:textlayoutbuilder:1.0.0] AndroidManifest.xml:14:5-16:41
MERGED from [com.facebook.fbui.textlayoutbuilder:textlayoutbuilder:1.0.0] AndroidManifest.xml:14:5-16:41
MERGED from [com.facebook.fresco:fresco:1.3.0] AndroidManifest.xml:5:5-7:41
MERGED from [com.facebook.fresco:fresco:1.3.0] AndroidManifest.xml:5:5-7:41
MERGED from [com.facebook.fresco:imagepipeline-okhttp3:1.3.0] AndroidManifest.xml:5:5-7:41
MERGED from [com.facebook.fresco:imagepipeline-okhttp3:1.3.0] AndroidManifest.xml:5:5-7:41
MERGED from [com.facebook.soloader:soloader:0.1.0] AndroidManifest.xml:2:3-70
MERGED from [com.facebook.soloader:soloader:0.1.0] AndroidManifest.xml:2:3-70
MERGED from [com.android.support:animated-vector-drawable:25.0.1] AndroidManifest.xml:20:5-44
MERGED from [com.android.support:animated-vector-drawable:25.0.1] AndroidManifest.xml:20:5-44
MERGED from [com.android.support:support-vector-drawable:25.0.1] AndroidManifest.xml:21:5-43
MERGED from [com.android.support:support-vector-drawable:25.0.1] AndroidManifest.xml:21:5-43
MERGED from [com.android.support:support-fragment:25.0.1] AndroidManifest.xml:21:5-23:60
MERGED from [com.android.support:support-fragment:25.0.1] AndroidManifest.xml:21:5-23:60
MERGED from [com.android.support:support-media-compat:25.0.1] AndroidManifest.xml:21:5-23:63
MERGED from [com.android.support:support-media-compat:25.0.1] AndroidManifest.xml:21:5-23:63
MERGED from [com.android.support:support-core-utils:25.0.1] AndroidManifest.xml:21:5-23:61
MERGED from [com.android.support:support-core-utils:25.0.1] AndroidManifest.xml:21:5-23:61
MERGED from [com.android.support:support-core-ui:25.0.1] AndroidManifest.xml:21:5-23:58
MERGED from [com.android.support:support-core-ui:25.0.1] AndroidManifest.xml:21:5-23:58
MERGED from [com.android.support:support-compat:25.0.1] AndroidManifest.xml:21:5-23:58
MERGED from [com.android.support:support-compat:25.0.1] AndroidManifest.xml:21:5-23:58
MERGED from [com.facebook.fresco:drawee:1.3.0] AndroidManifest.xml:5:5-7:41
MERGED from [com.facebook.fresco:drawee:1.3.0] AndroidManifest.xml:5:5-7:41
MERGED from [com.facebook.fresco:imagepipeline:1.3.0] AndroidManifest.xml:5:5-7:41
MERGED from [com.facebook.fresco:imagepipeline:1.3.0] AndroidManifest.xml:5:5-7:41
MERGED from [com.facebook.fresco:imagepipeline-base:1.3.0] AndroidManifest.xml:5:5-7:41
MERGED from [com.facebook.fresco:imagepipeline-base:1.3.0] AndroidManifest.xml:5:5-7:41
MERGED from [com.facebook.fresco:fbcore:1.3.0] AndroidManifest.xml:5:5-7:41
MERGED from [com.facebook.fresco:fbcore:1.3.0] AndroidManifest.xml:5:5-7:41
INJECTED from src/main/AndroidManifest.xml:11:5-13:41
INJECTED from src/main/AndroidManifest.xml:11:5-13:41
	tools:overrideLibrary
		ADDED from [com.android.support:appcompat-v7:25.0.1] AndroidManifest.xml:23:9-75
	android:targetSdkVersion
		ADDED from src/main/AndroidManifest.xml:13:9-38
		INJECTED from src/main/AndroidManifest.xml
		INJECTED from src/main/AndroidManifest.xml
	android:minSdkVersion
		ADDED from src/main/AndroidManifest.xml:12:9-35
		INJECTED from src/main/AndroidManifest.xml
		INJECTED from src/main/AndroidManifest.xml
application
ADDED from src/main/AndroidManifest.xml:15:5-45:19
MERGED from [:react-native-fast-image] AndroidManifest.xml:12:5-20:19
MERGED from [:react-native-fast-image] AndroidManifest.xml:12:5-20:19
MERGED from [:react-native-spinkit] AndroidManifest.xml:11:5-14:19
MERGED from [:react-native-spinkit] AndroidManifest.xml:11:5-14:19
MERGED from [:react-native-splash-screen] AndroidManifest.xml:11:5-15:19
MERGED from [:react-native-splash-screen] AndroidManifest.xml:11:5-15:19
MERGED from [com.facebook.react:react-native:0.53.0] AndroidManifest.xml:13:5-20
MERGED from [com.facebook.react:react-native:0.53.0] AndroidManifest.xml:13:5-20
MERGED from [com.android.support:appcompat-v7:25.0.1] AndroidManifest.xml:25:5-20
MERGED from [com.android.support:appcompat-v7:25.0.1] AndroidManifest.xml:25:5-20
MERGED from [com.android.support:customtabs:25.0.1] AndroidManifest.xml:22:5-20
MERGED from [com.android.support:customtabs:25.0.1] AndroidManifest.xml:22:5-20
MERGED from [com.google.android.gms:play-services-maps:10.2.4] AndroidManifest.xml:24:5-19
MERGED from [com.google.android.gms:play-services-maps:10.2.4] AndroidManifest.xml:24:5-19
MERGED from [com.google.android.gms:play-services-base:10.2.4] AndroidManifest.xml:18:5-20:19
MERGED from [com.google.android.gms:play-services-base:10.2.4] AndroidManifest.xml:18:5-20:19
MERGED from [com.google.android.gms:play-services-tasks:10.2.4] AndroidManifest.xml:4:5-19
MERGED from [com.google.android.gms:play-services-tasks:10.2.4] AndroidManifest.xml:4:5-19
MERGED from [com.google.android.gms:play-services-basement:10.2.4] AndroidManifest.xml:19:5-21:19
MERGED from [com.google.android.gms:play-services-basement:10.2.4] AndroidManifest.xml:19:5-21:19
MERGED from [com.android.support:support-v4:25.0.1] AndroidManifest.xml:25:5-20
MERGED from [com.android.support:support-v4:25.0.1] AndroidManifest.xml:25:5-20
MERGED from [com.facebook.soloader:soloader:0.1.0] AndroidManifest.xml:3:3-17
MERGED from [com.facebook.soloader:soloader:0.1.0] AndroidManifest.xml:3:3-17
MERGED from [org.webkit:android-jsc:r174650] AndroidManifest.xml:2:3-17
MERGED from [org.webkit:android-jsc:r174650] AndroidManifest.xml:2:3-17
MERGED from [com.android.support:animated-vector-drawable:25.0.1] AndroidManifest.xml:22:5-20
MERGED from [com.android.support:animated-vector-drawable:25.0.1] AndroidManifest.xml:22:5-20
MERGED from [com.android.support:support-vector-drawable:25.0.1] AndroidManifest.xml:23:5-20
MERGED from [com.android.support:support-vector-drawable:25.0.1] AndroidManifest.xml:23:5-20
MERGED from [com.android.support:support-fragment:25.0.1] AndroidManifest.xml:25:5-20
MERGED from [com.android.support:support-fragment:25.0.1] AndroidManifest.xml:25:5-20
MERGED from [com.android.support:support-media-compat:25.0.1] AndroidManifest.xml:25:5-20
MERGED from [com.android.support:support-media-compat:25.0.1] AndroidManifest.xml:25:5-20
MERGED from [com.android.support:support-core-utils:25.0.1] AndroidManifest.xml:25:5-20
MERGED from [com.android.support:support-core-utils:25.0.1] AndroidManifest.xml:25:5-20
MERGED from [com.android.support:support-core-ui:25.0.1] AndroidManifest.xml:25:5-20
MERGED from [com.android.support:support-core-ui:25.0.1] AndroidManifest.xml:25:5-20
MERGED from [com.android.support:support-compat:25.0.1] AndroidManifest.xml:25:5-20
MERGED from [com.android.support:support-compat:25.0.1] AndroidManifest.xml:25:5-20
	android:supportsRtl
		ADDED from [:react-native-spinkit] AndroidManifest.xml:13:9-35
	android:label
		ADDED from src/main/AndroidManifest.xml:18:7-39
	android:icon
		ADDED from src/main/AndroidManifest.xml:19:7-41
	android:allowBackup
		ADDED from src/main/AndroidManifest.xml:17:7-33
	android:theme
		ADDED from src/main/AndroidManifest.xml:20:7-38
	android:name
		ADDED from src/main/AndroidManifest.xml:16:7-38
activity#com.vant.SplashActivity
ADDED from src/main/AndroidManifest.xml:22:5-30:16
	android:label
		ADDED from src/main/AndroidManifest.xml:25:9-41
	android:theme
		ADDED from src/main/AndroidManifest.xml:24:9-43
	android:name
		ADDED from src/main/AndroidManifest.xml:23:9-39
intent-filter#android.intent.action.MAIN+android.intent.category.LAUNCHER
ADDED from src/main/AndroidManifest.xml:26:9-29:25
action#android.intent.action.MAIN
ADDED from src/main/AndroidManifest.xml:27:13-65
	android:name
		ADDED from src/main/AndroidManifest.xml:27:21-62
category#android.intent.category.LAUNCHER
ADDED from src/main/AndroidManifest.xml:28:13-73
	android:name
		ADDED from src/main/AndroidManifest.xml:28:23-70
activity#com.vant.MainActivity
ADDED from src/main/AndroidManifest.xml:33:7-39:18
	android:label
		ADDED from src/main/AndroidManifest.xml:35:9-41
	android:windowSoftInputMode
		ADDED from src/main/AndroidManifest.xml:37:9-51
	android:exported
		ADDED from src/main/AndroidManifest.xml:38:11-34
	android:configChanges
		ADDED from src/main/AndroidManifest.xml:36:9-79
	android:name
		ADDED from src/main/AndroidManifest.xml:34:9-37
activity#com.facebook.react.devsupport.DevSettingsActivity
ADDED from src/main/AndroidManifest.xml:41:7-84
	android:name
		ADDED from src/main/AndroidManifest.xml:41:17-81
meta-data#com.google.android.geo.API_KEY
ADDED from src/main/AndroidManifest.xml:42:7-44:64
	android:value
		ADDED from src/main/AndroidManifest.xml:44:7-62
	android:name
		ADDED from src/main/AndroidManifest.xml:43:7-52
meta-data#com.dylanvann.fastimage.OkHttpProgressGlideModule
ADDED from [:react-native-fast-image] AndroidManifest.xml:13:9-15:43
	android:value
		ADDED from [:react-native-fast-image] AndroidManifest.xml:15:13-40
	android:name
		ADDED from [:react-native-fast-image] AndroidManifest.xml:14:13-77
meta-data#com.bumptech.glide.integration.okhttp.OkHttpGlideModule
ADDED from [:react-native-fast-image] AndroidManifest.xml:16:9-19:35
	tools:node
		ADDED from [:react-native-fast-image] AndroidManifest.xml:19:13-32
	android:value
		ADDED from [:react-native-fast-image] AndroidManifest.xml:18:13-40
	android:name
		ADDED from [:react-native-fast-image] AndroidManifest.xml:17:13-83
uses-permission#android.permission.ACCESS_COARSE_LOCATION
ADDED from [:react-native-maps] AndroidManifest.xml:10:5-81
	android:name
		ADDED from [:react-native-maps] AndroidManifest.xml:10:22-78
uses-permission#android.permission.ACCESS_NETWORK_STATE
ADDED from [com.google.android.gms:play-services-maps:10.2.4] AndroidManifest.xml:19:5-78
	android:name
		ADDED from [com.google.android.gms:play-services-maps:10.2.4] AndroidManifest.xml:19:22-76
uses-feature#0x00020000
ADDED from [com.google.android.gms:play-services-maps:10.2.4] AndroidManifest.xml:21:5-77
	android:glEsVersion
		ADDED from [com.google.android.gms:play-services-maps:10.2.4] AndroidManifest.xml:21:19-51
	android:required
		ADDED from [com.google.android.gms:play-services-maps:10.2.4] AndroidManifest.xml:21:52-75
activity#com.google.android.gms.common.api.GoogleApiActivity
ADDED from [com.google.android.gms:play-services-base:10.2.4] AndroidManifest.xml:19:9-172
	android:exported
		ADDED from [com.google.android.gms:play-services-base:10.2.4] AndroidManifest.xml:19:146-170
	android:theme
		ADDED from [com.google.android.gms:play-services-base:10.2.4] AndroidManifest.xml:19:86-145
	android:name
		ADDED from [com.google.android.gms:play-services-base:10.2.4] AndroidManifest.xml:19:19-85
meta-data#com.google.android.gms.version
ADDED from [com.google.android.gms:play-services-basement:10.2.4] AndroidManifest.xml:20:9-121
	android:value
		ADDED from [com.google.android.gms:play-services-basement:10.2.4] AndroidManifest.xml:20:66-119
	android:name
		ADDED from [com.google.android.gms:play-services-basement:10.2.4] AndroidManifest.xml:20:20-65
uses-permission#android.permission.WRITE_EXTERNAL_STORAGE
IMPLIED from src/main/AndroidManifest.xml:1:1-47:12 reason: org.webkit.android_jsc has a targetSdkVersion < 4
uses-permission#android.permission.READ_PHONE_STATE
IMPLIED from src/main/AndroidManifest.xml:1:1-47:12 reason: org.webkit.android_jsc has a targetSdkVersion < 4
uses-permission#android.permission.READ_EXTERNAL_STORAGE
IMPLIED from src/main/AndroidManifest.xml:1:1-47:12 reason: org.webkit.android_jsc requested WRITE_EXTERNAL_STORAGE